{"timestamp":1483370056,"HOST":"localhost:8888","REQUEST_URI":"\/Agueli-digitalt-arkiv\/arkiv\/api\/try_login.php","requestType":"POST","query":{"email":"jonathan-larsson@outlook.com","password":"password123"},"cookie":[]}
{"timestamp":1483370095,"HOST":"localhost:8888","REQUEST_URI":"\/Agueli-digitalt-arkiv\/arkiv\/api\/try_login.php","requestType":"POST","query":{"email":"jonathan-larsson@outlook.com","password":"password123"},"cookie":[]}
{"timestamp":1483370402,"HOST":"localhost:8888","REQUEST_URI":"\/Agueli-digitalt-arkiv\/arkiv\/api\/update_title.php?article_id=55","requestType":"POST","query":{"title":"hej","summary":"sadas","csrf_token_agueli":"84ba2d85ea"},"cookie":{"csrf_token_agueli":"c85169a113","PHPSESSID":"0e4b2a365cfe8da523fe7fd6c29ad676"}}
{"timestamp":1483370403,"HOST":"localhost:8888","REQUEST_URI":"\/Agueli-digitalt-arkiv\/arkiv\/api\/update_title.php?article_id=55","requestType":"POST","query":{"title":"hej","summary":"sadas","csrf_token_agueli":"84ba2d85ea"},"cookie":{"csrf_token_agueli":"c85169a113","PHPSESSID":"0e4b2a365cfe8da523fe7fd6c29ad676"}}
{"timestamp":1483370405,"HOST":"localhost:8888","REQUEST_URI":"\/Agueli-digitalt-arkiv\/arkiv\/api\/update_title.php?article_id=55","requestType":"POST","query":{"title":"hej","summary":"sadas","csrf_token_agueli":"84ba2d85ea"},"cookie":{"csrf_token_agueli":"c85169a113","PHPSESSID":"0e4b2a365cfe8da523fe7fd6c29ad676"}}
{"timestamp":1483370412,"HOST":"localhost:8888","REQUEST_URI":"\/Agueli-digitalt-arkiv\/arkiv\/api\/update_summary.php?article_id=55","requestType":"POST","query":{"title":"klasmdmkslamd","summary":"hej","csrf_token_agueli":"84ba2d85ea"},"cookie":{"csrf_token_agueli":"c85169a113","PHPSESSID":"0e4b2a365cfe8da523fe7fd6c29ad676"}}
{"timestamp":1483370412,"HOST":"localhost:8888","REQUEST_URI":"\/Agueli-digitalt-arkiv\/arkiv\/api\/update_summary.php?article_id=55","requestType":"POST","query":{"title":"klasmdmkslamd","summary":"hej","csrf_token_agueli":"84ba2d85ea"},"cookie":{"csrf_token_agueli":"c85169a113","PHPSESSID":"0e4b2a365cfe8da523fe7fd6c29ad676"}}
{"timestamp":1483370479,"HOST":"localhost:8888","REQUEST_URI":"\/Agueli-digitalt-arkiv\/arkiv\/api\/update_body.php","requestType":"POST","query":{"article_id":"55","index":"0","body":["test"]},"cookie":{"csrf_token_agueli":"c85169a113","PHPSESSID":"0e4b2a365cfe8da523fe7fd6c29ad676"}}
{"timestamp":1483370554,"HOST":"localhost:8888","REQUEST_URI":"\/Agueli-digitalt-arkiv\/arkiv\/api\/delete_article.php","requestType":"POST","query":{"article_id":"55","csrf_token_agueli":"84ba2d85ea"},"cookie":{"csrf_token_agueli":"c85169a113","PHPSESSID":"0e4b2a365cfe8da523fe7fd6c29ad676"}}
{"timestamp":1483370557,"HOST":"localhost:8888","REQUEST_URI":"\/Agueli-digitalt-arkiv\/arkiv\/api\/add_tag_for_article.php?tag_id=83&article_id=55","requestType":"POST","query":[],"cookie":{"csrf_token_agueli":"c85169a113","PHPSESSID":"0e4b2a365cfe8da523fe7fd6c29ad676"}}
{"timestamp":1483370558,"HOST":"localhost:8888","REQUEST_URI":"\/Agueli-digitalt-arkiv\/arkiv\/api\/add_tag_for_article.php?tag_id=83&article_id=55","requestType":"POST","query":[],"cookie":{"csrf_token_agueli":"c85169a113","PHPSESSID":"0e4b2a365cfe8da523fe7fd6c29ad676"}}
{"timestamp":1483370562,"HOST":"localhost:8888","REQUEST_URI":"\/Agueli-digitalt-arkiv\/arkiv\/api\/add_tag_for_article.php?tag_id=51&article_id=55","requestType":"POST","query":[],"cookie":{"csrf_token_agueli":"c85169a113","PHPSESSID":"0e4b2a365cfe8da523fe7fd6c29ad676"}}
{"timestamp":1483370564,"HOST":"localhost:8888","REQUEST_URI":"\/Agueli-digitalt-arkiv\/arkiv\/api\/add_tag_for_article_text.php?article_id=55","requestType":"POST","query":{"tag":"test","csrf_token_agueli":"84ba2d85ea"},"cookie":{"csrf_token_agueli":"c85169a113","PHPSESSID":"0e4b2a365cfe8da523fe7fd6c29ad676"}}
{"timestamp":1483370573,"HOST":"localhost:8888","REQUEST_URI":"\/Agueli-digitalt-arkiv\/arkiv\/api\/remove_user.php?id=12","requestType":"POST","query":[],"cookie":{"csrf_token_agueli":"c85169a113","PHPSESSID":"0e4b2a365cfe8da523fe7fd6c29ad676"}}
{"timestamp":1483370580,"HOST":"localhost:8888","REQUEST_URI":"\/Agueli-digitalt-arkiv\/arkiv\/api\/add_category.php","requestType":"POST","query":{"category":"dia","csrf_token_agueli":"84ba2d85ea"},"cookie":{"csrf_token_agueli":"c85169a113","PHPSESSID":"0e4b2a365cfe8da523fe7fd6c29ad676"}}
{"timestamp":1483370580,"HOST":"localhost:8888","REQUEST_URI":"\/Agueli-digitalt-arkiv\/arkiv\/api\/add_category.php","requestType":"POST","query":{"category":"dia","csrf_token_agueli":"84ba2d85ea"},"cookie":{"csrf_token_agueli":"c85169a113","PHPSESSID":"0e4b2a365cfe8da523fe7fd6c29ad676"}}
{"timestamp":1483370646,"HOST":"localhost:8888","REQUEST_URI":"\/Agueli-digitalt-arkiv\/arkiv\/api\/update_title.php?article_id=55","requestType":"POST","query":{"title":"klasmdsa","summary":"sadas","csrf_token_agueli":"84ba2d85ea"},"cookie":{"csrf_token_agueli":"c85169a113","PHPSESSID":"0e4b2a365cfe8da523fe7fd6c29ad676"}}
{"timestamp":1483370647,"HOST":"localhost:8888","REQUEST_URI":"\/Agueli-digitalt-arkiv\/arkiv\/api\/update_title.php?article_id=55","requestType":"POST","query":{"title":"klasmdsa","summary":"sadas","csrf_token_agueli":"84ba2d85ea"},"cookie":{"csrf_token_agueli":"c85169a113","PHPSESSID":"0e4b2a365cfe8da523fe7fd6c29ad676"}}
{"timestamp":1483371975,"HOST":"localhost:8888","REQUEST_URI":"\/Agueli-digitalt-arkiv\/arkiv\/api\/remove_category.php?category_id=9","requestType":"POST","query":[],"cookie":{"csrf_token_agueli":"a4ae919cef","PHPSESSID":"6eea034edf448e5f398e0ca6af990788"}}
{"timestamp":1483371979,"HOST":"localhost:8888","REQUEST_URI":"\/Agueli-digitalt-arkiv\/arkiv\/api\/remove_tag_for_category.php?tag_id=54&category_id=6","requestType":"POST","query":[],"cookie":{"csrf_token_agueli":"a4ae919cef","PHPSESSID":"6eea034edf448e5f398e0ca6af990788"}}
{"timestamp":1483371979,"HOST":"localhost:8888","REQUEST_URI":"\/Agueli-digitalt-arkiv\/arkiv\/api\/remove_tag_for_category.php?tag_id=54&category_id=6","requestType":"POST","query":[],"cookie":{"csrf_token_agueli":"a4ae919cef","PHPSESSID":"6eea034edf448e5f398e0ca6af990788"}}
{"timestamp":1483371983,"HOST":"localhost:8888","REQUEST_URI":"\/Agueli-digitalt-arkiv\/arkiv\/api\/add_tag_for_category.php?category=6","requestType":"POST","query":{"tag":"Sverige","csrf_token_agueli":"a67d7f4ec1"},"cookie":{"csrf_token_agueli":"a4ae919cef","PHPSESSID":"6eea034edf448e5f398e0ca6af990788"}}
{"timestamp":1483372019,"HOST":"localhost:8888","REQUEST_URI":"\/Agueli-digitalt-arkiv\/arkiv\/api\/remove_tag_for_category.php?tag_id=35&category_id=6","requestType":"POST","query":[],"cookie":{"csrf_token_agueli":"a4ae919cef","PHPSESSID":"6eea034edf448e5f398e0ca6af990788"}}
{"timestamp":1483372039,"HOST":"localhost:8888","REQUEST_URI":"\/Agueli-digitalt-arkiv\/arkiv\/api\/remove_tag_for_category.php?tag_id=36&category_id=6","requestType":"POST","query":[],"cookie":{"csrf_token_agueli":"a4ae919cef","PHPSESSID":"6eea034edf448e5f398e0ca6af990788"}}
{"timestamp":1483372047,"HOST":"localhost:8888","REQUEST_URI":"\/Agueli-digitalt-arkiv\/arkiv\/api\/remove_tag_for_category.php?tag_id=85&category_id=6","requestType":"POST","query":[],"cookie":{"csrf_token_agueli":"a4ae919cef","PHPSESSID":"6eea034edf448e5f398e0ca6af990788"}}
{"timestamp":1483372048,"HOST":"localhost:8888","REQUEST_URI":"\/Agueli-digitalt-arkiv\/arkiv\/api\/remove_tag_for_category.php?tag_id=85&category_id=6","requestType":"POST","query":[],"cookie":{"csrf_token_agueli":"a4ae919cef","PHPSESSID":"6eea034edf448e5f398e0ca6af990788"}}
{"timestamp":1483372069,"HOST":"localhost:8888","REQUEST_URI":"\/Agueli-digitalt-arkiv\/arkiv\/api\/add_tag_for_category.php?category=6","requestType":"POST","query":{"tag":"1914","csrf_token_agueli":"a67d7f4ec1"},"cookie":{"csrf_token_agueli":"a4ae919cef","PHPSESSID":"6eea034edf448e5f398e0ca6af990788"}}
{"timestamp":1483372069,"HOST":"localhost:8888","REQUEST_URI":"\/Agueli-digitalt-arkiv\/arkiv\/api\/add_tag_for_category.php?category=6","requestType":"POST","query":{"tag":"1914","csrf_token_agueli":"a67d7f4ec1"},"cookie":{"csrf_token_agueli":"a4ae919cef","PHPSESSID":"6eea034edf448e5f398e0ca6af990788"}}
{"timestamp":1483372232,"HOST":"localhost:8888","REQUEST_URI":"\/Agueli-digitalt-arkiv\/arkiv\/api\/remove_tag_for_category.php?tag_id=85&category_id=6","requestType":"POST","query":[],"cookie":{"csrf_token_agueli":"a4ae919cef","PHPSESSID":"6eea034edf448e5f398e0ca6af990788"}}
{"timestamp":1483372233,"HOST":"localhost:8888","REQUEST_URI":"\/Agueli-digitalt-arkiv\/arkiv\/api\/remove_tag_for_category.php?tag_id=85&category_id=6","requestType":"POST","query":[],"cookie":{"csrf_token_agueli":"a4ae919cef","PHPSESSID":"6eea034edf448e5f398e0ca6af990788"}}
{"timestamp":1483372248,"HOST":"localhost:8888","REQUEST_URI":"\/Agueli-digitalt-arkiv\/arkiv\/api\/add_tag_for_category.php?category=6","requestType":"POST","query":{"tag":"hej","csrf_token_agueli":"a67d7f4ec1"},"cookie":{"csrf_token_agueli":"a4ae919cef","PHPSESSID":"6eea034edf448e5f398e0ca6af990788"}}
{"timestamp":1483372249,"HOST":"localhost:8888","REQUEST_URI":"\/Agueli-digitalt-arkiv\/arkiv\/api\/add_tag_for_category.php?category=6","requestType":"POST","query":{"tag":"hej","csrf_token_agueli":"a67d7f4ec1"},"cookie":{"csrf_token_agueli":"a4ae919cef","PHPSESSID":"6eea034edf448e5f398e0ca6af990788"}}
{"timestamp":1483372249,"HOST":"localhost:8888","REQUEST_URI":"\/Agueli-digitalt-arkiv\/arkiv\/api\/add_tag_for_category.php?category=6","requestType":"POST","query":{"tag":"hej","csrf_token_agueli":"a67d7f4ec1"},"cookie":{"csrf_token_agueli":"a4ae919cef","PHPSESSID":"6eea034edf448e5f398e0ca6af990788"}}
{"timestamp":1483372401,"HOST":"localhost:8888","REQUEST_URI":"\/Agueli-digitalt-arkiv\/arkiv\/api\/remove_tag_for_category.php?tag_id=86&category_id=7","requestType":"POST","query":[],"cookie":{"csrf_token_agueli":"a4ae919cef","PHPSESSID":"6eea034edf448e5f398e0ca6af990788"}}
{"timestamp":1483372507,"HOST":"localhost:8888","REQUEST_URI":"\/Agueli-digitalt-arkiv\/arkiv\/api\/add_tag_for_category.php?tag=2056&category=6","requestType":"POST","query":[],"cookie":{"PHPSESSID":"af2431190ce81c457aedc05cc1b9191d"}}
{"timestamp":1483372600,"HOST":"localhost:8888","REQUEST_URI":"\/Agueli-digitalt-arkiv\/arkiv\/api\/remove_tag_for_category.php?tag_id=87&category_id=6","requestType":"POST","query":[],"cookie":{"csrf_token_agueli":"a4ae919cef","PHPSESSID":"6eea034edf448e5f398e0ca6af990788"}}
{"timestamp":1483372601,"HOST":"localhost:8888","REQUEST_URI":"\/Agueli-digitalt-arkiv\/arkiv\/api\/remove_tag_for_category.php?tag_id=87&category_id=6","requestType":"POST","query":[],"cookie":{"csrf_token_agueli":"a4ae919cef","PHPSESSID":"6eea034edf448e5f398e0ca6af990788"}}
{"timestamp":1483372617,"HOST":"localhost:8888","REQUEST_URI":"\/Agueli-digitalt-arkiv\/arkiv\/api\/add_tag_for_category.php?tag=2056&category=6","requestType":"POST","query":[],"cookie":{"PHPSESSID":"af2431190ce81c457aedc05cc1b9191d"}}
{"timestamp":1483372944,"HOST":"localhost:8888","REQUEST_URI":"\/Agueli-digitalt-arkiv\/arkiv\/api\/remove_tag_for_category.php?tag_id=87&category_id=6","requestType":"POST","query":[],"cookie":{"csrf_token_agueli":"a4ae919cef","PHPSESSID":"6eea034edf448e5f398e0ca6af990788"}}
{"timestamp":1483372948,"HOST":"localhost:8888","REQUEST_URI":"\/Agueli-digitalt-arkiv\/arkiv\/api\/add_tag_for_category.php?category=6","requestType":"POST","query":{"tag":"2100","csrf_token_agueli":"a67d7f4ec1"},"cookie":{"csrf_token_agueli":"a4ae919cef","PHPSESSID":"6eea034edf448e5f398e0ca6af990788"}}
{"timestamp":1483372986,"HOST":"localhost:8888","REQUEST_URI":"\/Agueli-digitalt-arkiv\/arkiv\/api\/remove_tag_for_category.php?tag_id=88&category_id=6","requestType":"POST","query":[],"cookie":{"csrf_token_agueli":"a4ae919cef","PHPSESSID":"6eea034edf448e5f398e0ca6af990788"}}
{"timestamp":1483373216,"HOST":"localhost:8888","REQUEST_URI":"\/Agueli-digitalt-arkiv\/arkiv\/api\/try_login.php","requestType":"POST","query":{"email":"jonathan-larsson@outlook.com","password":"password123","csrf_token_agueli":"a67d7f4ec1"},"cookie":{"csrf_token_agueli":"a4ae919cef","XSRF-TOKEN":"9b208202ea","PHPSESSID":"6eea034edf448e5f398e0ca6af990788"}}
{"timestamp":1483373255,"HOST":"localhost:8888","REQUEST_URI":"\/Agueli-digitalt-arkiv\/arkiv\/api\/try_login.php","requestType":"POST","query":{"email":"jonathan-larsson@outlook.com","password":"password123","csrf_token_agueli":"a67d7f4ec1"},"cookie":{"csrf_token_agueli":"a4ae919cef","XSRF-TOKEN":"9b208202ea","PHPSESSID":"6eea034edf448e5f398e0ca6af990788"}}
{"timestamp":1483373301,"HOST":"localhost:8888","REQUEST_URI":"\/Agueli-digitalt-arkiv\/arkiv\/api\/add_tag_for_category.php?category=6","requestType":"POST","query":[],"cookie":{"XSRF-TOKEN":"d3075df1e3","PHPSESSID":"0d8f3158bc23d70ed95a82051f1b998a"}}
{"timestamp":1483373302,"HOST":"localhost:8888","REQUEST_URI":"\/Agueli-digitalt-arkiv\/arkiv\/api\/add_tag_for_category.php?category=6","requestType":"POST","query":[],"cookie":{"XSRF-TOKEN":"d3075df1e3","PHPSESSID":"0d8f3158bc23d70ed95a82051f1b998a"}}
{"timestamp":1483373302,"HOST":"localhost:8888","REQUEST_URI":"\/Agueli-digitalt-arkiv\/arkiv\/api\/add_tag_for_category.php?category=6","requestType":"POST","query":[],"cookie":{"XSRF-TOKEN":"d3075df1e3","PHPSESSID":"0d8f3158bc23d70ed95a82051f1b998a"}}
{"timestamp":1483373304,"HOST":"localhost:8888","REQUEST_URI":"\/Agueli-digitalt-arkiv\/arkiv\/api\/remove_tag_for_category.php?tag_id=88&category_id=6","requestType":"POST","query":[],"cookie":{"XSRF-TOKEN":"d3075df1e3","PHPSESSID":"0d8f3158bc23d70ed95a82051f1b998a"}}
{"timestamp":1483373304,"HOST":"localhost:8888","REQUEST_URI":"\/Agueli-digitalt-arkiv\/arkiv\/api\/remove_tag_for_category.php?tag_id=88&category_id=6","requestType":"POST","query":[],"cookie":{"XSRF-TOKEN":"d3075df1e3","PHPSESSID":"0d8f3158bc23d70ed95a82051f1b998a"}}
{"timestamp":1483373304,"HOST":"localhost:8888","REQUEST_URI":"\/Agueli-digitalt-arkiv\/arkiv\/api\/remove_tag_for_category.php?tag_id=88&category_id=6","requestType":"POST","query":[],"cookie":{"XSRF-TOKEN":"d3075df1e3","PHPSESSID":"0d8f3158bc23d70ed95a82051f1b998a"}}
{"timestamp":1483373850,"HOST":"localhost:8888","REQUEST_URI":"\/Agueli-digitalt-arkiv\/arkiv\/api\/add_tag_for_category.php?category=7","requestType":"POST","query":[],"cookie":{"csrf_token_agueli":"8ac157ba2d","PHPSESSID":"2a1eedf8ca8a255586deebe85c963b6b"}}
{"timestamp":1483373852,"HOST":"localhost:8888","REQUEST_URI":"\/Agueli-digitalt-arkiv\/arkiv\/api\/add_tag_for_category.php?category=7","requestType":"POST","query":[],"cookie":{"csrf_token_agueli":"8ac157ba2d","PHPSESSID":"2a1eedf8ca8a255586deebe85c963b6b"}}
{"timestamp":1483374387,"HOST":"localhost:8888","REQUEST_URI":"\/Agueli-digitalt-arkiv\/arkiv\/api\/add_tag_for_category.php?category=7","requestType":"POST","query":{"tag":"testis","XSRF-TOKEN":"b841d1b6d0"},"cookie":{"XSRF-TOKEN":"63ca667d57","PHPSESSID":"135b75137ef44288b07da5681a424d99"}}
{"timestamp":1483374397,"HOST":"localhost:8888","REQUEST_URI":"\/Agueli-digitalt-arkiv\/arkiv\/api\/add_article.php","requestType":"POST","query":{"title":"dsadasdsa","summary":"dadasdas","body":[""],"favorite":"0","submit":"","XSRF-TOKEN":"b841d1b6d0"},"cookie":{"XSRF-TOKEN":"63ca667d57","PHPSESSID":"135b75137ef44288b07da5681a424d99"}}
{"timestamp":1483374799,"HOST":"localhost:8888","REQUEST_URI":"\/Agueli-digitalt-arkiv\/arkiv\/api\/add_tag_for_category.php?category=7","requestType":"POST","query":[],"cookie":{"XSRF-TOKEN":"8419db8d07","PHPSESSID":"eba349476533275046bca59936614e89"}}
{"timestamp":1483374800,"HOST":"localhost:8888","REQUEST_URI":"\/Agueli-digitalt-arkiv\/arkiv\/api\/add_tag_for_category.php?category=7","requestType":"POST","query":[],"cookie":{"XSRF-TOKEN":"8419db8d07","PHPSESSID":"eba349476533275046bca59936614e89"}}
{"timestamp":1483374800,"HOST":"localhost:8888","REQUEST_URI":"\/Agueli-digitalt-arkiv\/arkiv\/api\/add_tag_for_category.php?category=7","requestType":"POST","query":[],"cookie":{"XSRF-TOKEN":"8419db8d07","PHPSESSID":"eba349476533275046bca59936614e89"}}
{"timestamp":1483374800,"HOST":"localhost:8888","REQUEST_URI":"\/Agueli-digitalt-arkiv\/arkiv\/api\/add_tag_for_category.php?category=7","requestType":"POST","query":[],"cookie":{"XSRF-TOKEN":"8419db8d07","PHPSESSID":"eba349476533275046bca59936614e89"}}
{"timestamp":1483374804,"HOST":"localhost:8888","REQUEST_URI":"\/Agueli-digitalt-arkiv\/arkiv\/api\/add_tag_for_category.php?category=7","requestType":"POST","query":[],"cookie":{"XSRF-TOKEN":"8419db8d07","PHPSESSID":"eba349476533275046bca59936614e89"}}
{"timestamp":1483374840,"HOST":"localhost:8888","REQUEST_URI":"\/Agueli-digitalt-arkiv\/arkiv\/api\/add_tag_for_category.php?category=7","requestType":"POST","query":[],"cookie":{"XSRF-TOKEN":"8419db8d07","PHPSESSID":"eba349476533275046bca59936614e89"}}
{"timestamp":1483374852,"HOST":"localhost:8888","REQUEST_URI":"\/Agueli-digitalt-arkiv\/arkiv\/api\/add_tag_for_category.php?category=7","requestType":"POST","query":[],"cookie":{"XSRF-TOKEN":"8419db8d07","PHPSESSID":"eba349476533275046bca59936614e89"}}
{"timestamp":1483375327,"HOST":"localhost:8888","REQUEST_URI":"\/Agueli-digitalt-arkiv\/arkiv\/api\/remove_tag_for_category.php?tag_id=89&category_id=7","requestType":"POST","query":[],"cookie":{"aguelicsrf":"336b38ea53","PHPSESSID":"9876bd388ca2a76ca90650bbaf4147f3","XSRF-TOKEN":"hejsan"}}
{"timestamp":1483375330,"HOST":"localhost:8888","REQUEST_URI":"\/Agueli-digitalt-arkiv\/arkiv\/api\/remove_tag_for_category.php?tag_id=89&category_id=7","requestType":"POST","query":[],"cookie":{"aguelicsrf":"336b38ea53","PHPSESSID":"9876bd388ca2a76ca90650bbaf4147f3","XSRF-TOKEN":"hejsan"}}
{"timestamp":1483375674,"HOST":"localhost:8888","REQUEST_URI":"\/Agueli-digitalt-arkiv\/arkiv\/api\/try_login.php","requestType":"POST","query":{"email":"jonathan-larsson@outlook.com","password":"password123","aguelicsrf":"d8b11ef32d"},"cookie":{"aguelicsrf":"7b747d19d2","PHPSESSID":"2110bb1ad3c1ddc15ef151f8e1bd8188"}}
{"timestamp":1483375727,"HOST":"localhost:8888","REQUEST_URI":"\/Agueli-digitalt-arkiv\/arkiv\/api\/remove_tag_for_category.php?tag_id=90&category_id=7","requestType":"POST","query":[],"cookie":{"aguelicsrf":"fcc0785516","PHPSESSID":"146bc840a6a82e979962640468f45086","XSRF-TOKEN":"hejsan"}}
{"timestamp":1483375728,"HOST":"localhost:8888","REQUEST_URI":"\/Agueli-digitalt-arkiv\/arkiv\/api\/remove_tag_for_category.php?tag_id=90&category_id=7","requestType":"POST","query":[],"cookie":{"aguelicsrf":"fcc0785516","PHPSESSID":"146bc840a6a82e979962640468f45086","XSRF-TOKEN":"hejsan"}}
